<?xml version="1.0" encoding="UTF-8"?>
<testng-results skipped="0" failed="0" total="1" passed="1">
  <reporter-output>
  </reporter-output>
  <suite name="Default suite" duration-ms="58127" started-at="2015-11-12T23:36:46Z" finished-at="2015-11-12T23:37:44Z">
    <groups>
    </groups>
    <test name="Default test" duration-ms="58127" started-at="2015-11-12T23:36:46Z" finished-at="2015-11-12T23:37:44Z">
      <class name="com.walmart.assignment.ScenarioTest">
        <test-method status="PASS" signature="mandatoryBeforeTestMethod(java.lang.reflect.Method)[pri:0, instance:com.walmart.assignment.ScenarioTest@33a10788]" name="mandatoryBeforeTestMethod" is-config="true" duration-ms="2762" started-at="2015-11-12T15:36:46Z" finished-at="2015-11-12T15:36:49Z">
          <params>
            <param index="0">
              <value>
                <![CDATA[public void com.walmart.assignment.ScenarioTest.TestScenario() throws java.lang.Exception]]>
              </value>
            </param>
          </params>
          <reporter-output>
          </reporter-output>
        </test-method> <!-- mandatoryBeforeTestMethod -->
        <test-method status="PASS" signature="TestScenario()[pri:0, instance:com.walmart.assignment.ScenarioTest@33a10788]" name="TestScenario" duration-ms="55351" started-at="2015-11-12T15:36:49Z" finished-at="2015-11-12T15:37:44Z">
          <reporter-output>
          </reporter-output>
        </test-method> <!-- TestScenario -->
        <test-method status="PASS" signature="mandatoryAfterTestMethod()[pri:0, instance:com.walmart.assignment.ScenarioTest@33a10788]" name="mandatoryAfterTestMethod" is-config="true" duration-ms="0" started-at="2015-11-12T15:37:44Z" finished-at="2015-11-12T15:37:44Z">
          <reporter-output>
          </reporter-output>
        </test-method> <!-- mandatoryAfterTestMethod -->
      </class> <!-- com.walmart.assignment.ScenarioTest -->
    </test> <!-- Default test -->
  </suite> <!-- Default suite -->
</testng-results>
